#! /usr/bin/vvp
:ivl_version "10.3 (stable)";
:ivl_delay_selection "TYPICAL";
:vpi_time_precision + 0;
:vpi_module "system";
:vpi_module "vhdl_sys";
:vpi_module "v2005_math";
:vpi_module "va_math";
S_0x556d61e8e030 .scope module, "rightshiftreg_tb" "rightshiftreg_tb" 2 1;
 .timescale 0 0;
v0x556d61ed60f0_0 .var "clk", 0 0;
v0x556d61ed61b0_0 .var "in_tb", 0 0;
v0x556d61ed6280_0 .net "out_tb", 3 0, v0x556d61ed5e90_0;  1 drivers
v0x556d61ed6380_0 .var "rst", 0 0;
S_0x556d61e8e1b0 .scope module, "u_shiftut" "rightshiftreg" 2 28, 3 1 0, S_0x556d61e8e030;
 .timescale 0 0;
    .port_info 0 /INPUT 1 "in"
    .port_info 1 /INPUT 1 "clk"
    .port_info 2 /INPUT 1 "rst"
    .port_info 3 /OUTPUT 4 "out"
v0x556d61ec56c0_0 .net "clk", 0 0, v0x556d61ed60f0_0;  1 drivers
v0x556d61ed5dd0_0 .net "in", 0 0, v0x556d61ed61b0_0;  1 drivers
v0x556d61ed5e90_0 .var "out", 3 0;
v0x556d61ed5f80_0 .net "rst", 0 0, v0x556d61ed6380_0;  1 drivers
E_0x556d61e8e8e0 .event posedge, v0x556d61ec56c0_0;
    .scope S_0x556d61e8e1b0;
T_0 ;
    %wait E_0x556d61e8e8e0;
    %load/vec4 v0x556d61ed5f80_0;
    %flag_set/vec4 8;
    %jmp/0xz  T_0.0, 8;
    %pushi/vec4 0, 0, 4;
    %store/vec4 v0x556d61ed5e90_0, 0, 4;
    %jmp T_0.1;
T_0.0 ;
    %load/vec4 v0x556d61ed5dd0_0;
    %load/vec4 v0x556d61ed5e90_0;
    %parti/s 3, 1, 2;
    %concat/vec4; draw_concat_vec4
    %store/vec4 v0x556d61ed5e90_0, 0, 4;
T_0.1 ;
    %jmp T_0;
    .thread T_0;
    .scope S_0x556d61e8e030;
T_1 ;
    %delay 5, 0;
    %load/vec4 v0x556d61ed60f0_0;
    %inv;
    %store/vec4 v0x556d61ed60f0_0, 0, 1;
    %jmp T_1;
    .thread T_1;
    .scope S_0x556d61e8e030;
T_2 ;
    %pushi/vec4 0, 0, 1;
    %store/vec4 v0x556d61ed60f0_0, 0, 1;
    %pushi/vec4 1, 0, 1;
    %store/vec4 v0x556d61ed6380_0, 0, 1;
    %delay 10, 0;
    %pushi/vec4 0, 0, 1;
    %store/vec4 v0x556d61ed6380_0, 0, 1;
    %pushi/vec4 1, 0, 1;
    %store/vec4 v0x556d61ed61b0_0, 0, 1;
    %delay 10, 0;
    %pushi/vec4 0, 0, 1;
    %store/vec4 v0x556d61ed61b0_0, 0, 1;
    %delay 10, 0;
    %pushi/vec4 1, 0, 1;
    %store/vec4 v0x556d61ed61b0_0, 0, 1;
    %delay 10, 0;
    %pushi/vec4 0, 0, 1;
    %store/vec4 v0x556d61ed61b0_0, 0, 1;
    %delay 10, 0;
    %vpi_call 2 25 "$finish" {0 0 0};
    %end;
    .thread T_2;
    .scope S_0x556d61e8e030;
T_3 ;
    %vpi_call 2 36 "$dumpfile", "rightshiftreg.vcd" {0 0 0};
    %vpi_call 2 37 "$dumpvars", 32'sb00000000000000000000000000000000, S_0x556d61e8e030 {0 0 0};
    %end;
    .thread T_3;
# The file index is used to find the file name in the following table.
:file_names 4;
    "N/A";
    "<interactive>";
    "rshift_tb.v";
    "rshift.v";
