#! /usr/bin/vvp
:ivl_version "10.3 (stable)";
:ivl_delay_selection "TYPICAL";
:vpi_time_precision - 12;
:vpi_module "system";
:vpi_module "vhdl_sys";
:vpi_module "v2005_math";
:vpi_module "va_math";
S_0x5653bc5ad0f0 .scope module, "counter_tb" "counter_tb" 2 2;
 .timescale -9 -12;
v0x5653bc5f4090_0 .var "clk_tb", 0 0;
v0x5653bc5f4160_0 .net "out_tb", 3 0, v0x5653bc5f3e90_0;  1 drivers
v0x5653bc5f4230_0 .var "rst_tb", 0 0;
S_0x5653bc5ad270 .scope module, "u_counter0" "counter" 2 25, 3 1 0, S_0x5653bc5ad0f0;
 .timescale -9 -12;
    .port_info 0 /INPUT 1 "clk"
    .port_info 1 /INPUT 1 "rst"
    .port_info 2 /OUTPUT 4 "out"
v0x5653bc5e4150_0 .net "clk", 0 0, v0x5653bc5f4090_0;  1 drivers
v0x5653bc5f3e90_0 .var "out", 3 0;
v0x5653bc5f3f70_0 .net "rst", 0 0, v0x5653bc5f4230_0;  1 drivers
E_0x5653bc5ada10 .event posedge, v0x5653bc5e4150_0;
    .scope S_0x5653bc5ad270;
T_0 ;
    %wait E_0x5653bc5ada10;
    %load/vec4 v0x5653bc5f3f70_0;
    %cmpi/e 1, 0, 1;
    %jmp/0xz  T_0.0, 4;
    %pushi/vec4 0, 0, 4;
    %assign/vec4 v0x5653bc5f3e90_0, 0;
    %jmp T_0.1;
T_0.0 ;
    %load/vec4 v0x5653bc5f3e90_0;
    %addi 1, 0, 4;
    %assign/vec4 v0x5653bc5f3e90_0, 0;
T_0.1 ;
    %jmp T_0;
    .thread T_0;
    .scope S_0x5653bc5ad0f0;
T_1 ;
    %delay 5000, 0;
    %load/vec4 v0x5653bc5f4090_0;
    %inv;
    %store/vec4 v0x5653bc5f4090_0, 0, 1;
    %jmp T_1;
    .thread T_1;
    .scope S_0x5653bc5ad0f0;
T_2 ;
    %pushi/vec4 1, 0, 1;
    %store/vec4 v0x5653bc5f4090_0, 0, 1;
    %pushi/vec4 1, 0, 1;
    %store/vec4 v0x5653bc5f4230_0, 0, 1;
    %delay 10000, 0;
    %pushi/vec4 1, 0, 1;
    %store/vec4 v0x5653bc5f4230_0, 0, 1;
    %delay 10000, 0;
    %pushi/vec4 0, 0, 1;
    %store/vec4 v0x5653bc5f4230_0, 0, 1;
    %delay 150000, 0;
    %vpi_call 2 20 "$finish" {0 0 0};
    %end;
    .thread T_2;
    .scope S_0x5653bc5ad0f0;
T_3 ;
    %vpi_call 2 33 "$dumpfile", "counter.vcd" {0 0 0};
    %vpi_call 2 34 "$dumpvars", 32'sb00000000000000000000000000000000, S_0x5653bc5ad0f0 {0 0 0};
    %end;
    .thread T_3;
# The file index is used to find the file name in the following table.
:file_names 4;
    "N/A";
    "<interactive>";
    "counter_tb.v";
    "counter.v";
