#! /usr/bin/vvp
:ivl_version "10.3 (stable)";
:ivl_delay_selection "TYPICAL";
:vpi_time_precision - 12;
:vpi_module "system";
:vpi_module "vhdl_sys";
:vpi_module "v2005_math";
:vpi_module "va_math";
S_0x558635858050 .scope module, "leftshiftreg_tb" "leftshiftreg_tb" 2 2;
 .timescale -9 -12;
v0x5586358a00b0_0 .var "clk", 0 0;
v0x5586358a0170_0 .var "in_tb", 0 0;
v0x5586358a0240_0 .net "out_tb", 3 0, v0x55863589fe50_0;  1 drivers
v0x5586358a0340_0 .var "rst", 0 0;
S_0x5586358581d0 .scope module, "u_Lshift" "leftshiftreg" 2 31, 3 1 0, S_0x558635858050;
 .timescale -9 -12;
    .port_info 0 /INPUT 1 "in"
    .port_info 1 /INPUT 1 "clk"
    .port_info 2 /INPUT 1 "rst"
    .port_info 3 /OUTPUT 4 "out"
v0x55863588f6e0_0 .net "clk", 0 0, v0x5586358a00b0_0;  1 drivers
v0x55863589fd90_0 .net "in", 0 0, v0x5586358a0170_0;  1 drivers
v0x55863589fe50_0 .var "out", 3 0;
v0x55863589ff40_0 .net "rst", 0 0, v0x5586358a0340_0;  1 drivers
E_0x558635858900 .event posedge, v0x55863588f6e0_0;
    .scope S_0x5586358581d0;
T_0 ;
    %wait E_0x558635858900;
    %load/vec4 v0x55863589ff40_0;
    %flag_set/vec4 8;
    %jmp/0xz  T_0.0, 8;
    %pushi/vec4 0, 0, 4;
    %store/vec4 v0x55863589fe50_0, 0, 4;
    %jmp T_0.1;
T_0.0 ;
    %load/vec4 v0x55863589fe50_0;
    %parti/s 3, 0, 2;
    %load/vec4 v0x55863589fd90_0;
    %concat/vec4; draw_concat_vec4
    %store/vec4 v0x55863589fe50_0, 0, 4;
T_0.1 ;
    %jmp T_0;
    .thread T_0;
    .scope S_0x558635858050;
T_1 ;
    %delay 5000, 0;
    %load/vec4 v0x5586358a00b0_0;
    %inv;
    %store/vec4 v0x5586358a00b0_0, 0, 1;
    %jmp T_1;
    .thread T_1;
    .scope S_0x558635858050;
T_2 ;
    %pushi/vec4 0, 0, 1;
    %store/vec4 v0x5586358a00b0_0, 0, 1;
    %pushi/vec4 1, 0, 1;
    %store/vec4 v0x5586358a0340_0, 0, 1;
    %delay 10000, 0;
    %pushi/vec4 0, 0, 1;
    %store/vec4 v0x5586358a0340_0, 0, 1;
    %pushi/vec4 1, 0, 1;
    %store/vec4 v0x5586358a0170_0, 0, 1;
    %delay 10000, 0;
    %pushi/vec4 0, 0, 1;
    %store/vec4 v0x5586358a0170_0, 0, 1;
    %delay 10000, 0;
    %pushi/vec4 1, 0, 1;
    %store/vec4 v0x5586358a0170_0, 0, 1;
    %delay 10000, 0;
    %pushi/vec4 0, 0, 1;
    %store/vec4 v0x5586358a0170_0, 0, 1;
    %delay 10000, 0;
    %vpi_call 2 28 "$finish" {0 0 0};
    %end;
    .thread T_2;
    .scope S_0x558635858050;
T_3 ;
    %vpi_call 2 39 "$dumpfile", "leftshiftreg.vcd" {0 0 0};
    %vpi_call 2 40 "$dumpvars", 32'sb00000000000000000000000000000000, S_0x558635858050 {0 0 0};
    %end;
    .thread T_3;
# The file index is used to find the file name in the following table.
:file_names 4;
    "N/A";
    "<interactive>";
    "lshift_tb.v";
    "lshift.v";
