#! /usr/bin/vvp
:ivl_version "10.3 (stable)";
:ivl_delay_selection "TYPICAL";
:vpi_time_precision - 12;
:vpi_module "system";
:vpi_module "vhdl_sys";
:vpi_module "v2005_math";
:vpi_module "va_math";
S_0x558444f480f0 .scope module, "fa_tb" "fa_tb" 2 2;
 .timescale -9 -12;
v0x558444f955e0_0 .var "a_tb", 0 0;
v0x558444f956a0_0 .var "b_tb", 0 0;
v0x558444f95740_0 .var "cin_tb", 0 0;
v0x558444f957e0_0 .net "cout_tb", 0 0, L_0x558444f95d50;  1 drivers
v0x558444f958b0_0 .net "sum_tb", 0 0, L_0x558444f95c60;  1 drivers
S_0x558444f48270 .scope module, "u_fa0" "fa" 2 31, 3 2 0, S_0x558444f480f0;
 .timescale -9 -12;
    .port_info 0 /INPUT 1 "a"
    .port_info 1 /INPUT 1 "b"
    .port_info 2 /INPUT 1 "cin"
    .port_info 3 /OUTPUT 1 "sum"
    .port_info 4 /OUTPUT 1 "cout"
L_0x558444f959a0 .functor XOR 1, v0x558444f955e0_0, v0x558444f956a0_0, C4<0>, C4<0>;
L_0x558444f95ae0 .functor AND 1, L_0x558444f959a0, v0x558444f95740_0, C4<1>, C4<1>;
L_0x558444f95bf0 .functor AND 1, v0x558444f955e0_0, v0x558444f956a0_0, C4<1>, C4<1>;
L_0x558444f95c60 .functor XOR 1, L_0x558444f959a0, v0x558444f95740_0, C4<0>, C4<0>;
L_0x558444f95d50 .functor OR 1, L_0x558444f95ae0, L_0x558444f95bf0, C4<0>, C4<0>;
v0x558444f81a00_0 .net "a", 0 0, v0x558444f955e0_0;  1 drivers
v0x558444f94fd0_0 .net "b", 0 0, v0x558444f956a0_0;  1 drivers
v0x558444f95090_0 .net "c0", 0 0, L_0x558444f95bf0;  1 drivers
v0x558444f95130_0 .net "c1", 0 0, L_0x558444f95ae0;  1 drivers
v0x558444f951f0_0 .net "cin", 0 0, v0x558444f95740_0;  1 drivers
v0x558444f95300_0 .net "cout", 0 0, L_0x558444f95d50;  alias, 1 drivers
v0x558444f953c0_0 .net "s0", 0 0, L_0x558444f959a0;  1 drivers
v0x558444f95480_0 .net "sum", 0 0, L_0x558444f95c60;  alias, 1 drivers
    .scope S_0x558444f480f0;
T_0 ;
    %pushi/vec4 0, 0, 1;
    %store/vec4 v0x558444f955e0_0, 0, 1;
    %pushi/vec4 0, 0, 1;
    %store/vec4 v0x558444f956a0_0, 0, 1;
    %pushi/vec4 0, 0, 1;
    %store/vec4 v0x558444f95740_0, 0, 1;
    %delay 1000, 0;
    %pushi/vec4 0, 0, 1;
    %store/vec4 v0x558444f955e0_0, 0, 1;
    %pushi/vec4 0, 0, 1;
    %store/vec4 v0x558444f956a0_0, 0, 1;
    %pushi/vec4 1, 0, 1;
    %store/vec4 v0x558444f95740_0, 0, 1;
    %delay 1000, 0;
    %pushi/vec4 0, 0, 1;
    %store/vec4 v0x558444f955e0_0, 0, 1;
    %pushi/vec4 1, 0, 1;
    %store/vec4 v0x558444f956a0_0, 0, 1;
    %pushi/vec4 0, 0, 1;
    %store/vec4 v0x558444f95740_0, 0, 1;
    %delay 1000, 0;
    %pushi/vec4 0, 0, 1;
    %store/vec4 v0x558444f955e0_0, 0, 1;
    %pushi/vec4 1, 0, 1;
    %store/vec4 v0x558444f956a0_0, 0, 1;
    %pushi/vec4 1, 0, 1;
    %store/vec4 v0x558444f95740_0, 0, 1;
    %delay 1000, 0;
    %pushi/vec4 1, 0, 1;
    %store/vec4 v0x558444f955e0_0, 0, 1;
    %pushi/vec4 0, 0, 1;
    %store/vec4 v0x558444f956a0_0, 0, 1;
    %pushi/vec4 0, 0, 1;
    %store/vec4 v0x558444f95740_0, 0, 1;
    %delay 1000, 0;
    %pushi/vec4 1, 0, 1;
    %store/vec4 v0x558444f955e0_0, 0, 1;
    %pushi/vec4 0, 0, 1;
    %store/vec4 v0x558444f956a0_0, 0, 1;
    %pushi/vec4 1, 0, 1;
    %store/vec4 v0x558444f95740_0, 0, 1;
    %delay 1000, 0;
    %pushi/vec4 1, 0, 1;
    %store/vec4 v0x558444f955e0_0, 0, 1;
    %pushi/vec4 1, 0, 1;
    %store/vec4 v0x558444f956a0_0, 0, 1;
    %pushi/vec4 0, 0, 1;
    %store/vec4 v0x558444f95740_0, 0, 1;
    %delay 1000, 0;
    %pushi/vec4 1, 0, 1;
    %store/vec4 v0x558444f955e0_0, 0, 1;
    %pushi/vec4 1, 0, 1;
    %store/vec4 v0x558444f956a0_0, 0, 1;
    %pushi/vec4 1, 0, 1;
    %store/vec4 v0x558444f95740_0, 0, 1;
    %vpi_call 2 27 "$display", "sum_tb value is %d", v0x558444f958b0_0 {0 0 0};
    %vpi_call 2 28 "$display", "cout_tb value is %d", v0x558444f957e0_0 {0 0 0};
    %delay 3000, 0;
    %end;
    .thread T_0;
    .scope S_0x558444f480f0;
T_1 ;
    %vpi_call 2 40 "$dumpfile", "fa.vcd" {0 0 0};
    %vpi_call 2 41 "$dumpvars", 32'sb00000000000000000000000000000000, S_0x558444f480f0 {0 0 0};
    %end;
    .thread T_1;
# The file index is used to find the file name in the following table.
:file_names 4;
    "N/A";
    "<interactive>";
    "fa_tb.v";
    "fa.v";
