#! /usr/bin/vvp
:ivl_version "10.3 (stable)";
:ivl_delay_selection "TYPICAL";
:vpi_time_precision - 12;
:vpi_module "system";
:vpi_module "vhdl_sys";
:vpi_module "v2005_math";
:vpi_module "va_math";
S_0x55e93cc5c720 .scope module, "alu_tb" "alu_tb" 2 2;
 .timescale -9 -12;
v0x55e93cc6fee0_0 .var "a_tb", 7 0;
v0x55e93cc6ffc0_0 .var "b_tb", 7 0;
v0x55e93cc70060_0 .var/i "i", 31 0;
v0x55e93cc70130_0 .var "op_tb", 2 0;
v0x55e93cc70220_0 .net "res_tb", 7 0, v0x55e93cc6fd80_0;  1 drivers
S_0x55e93cc5c8a0 .scope module, "u_alu0" "alu" 2 24, 3 1 0, S_0x55e93cc5c720;
 .timescale 0 0;
    .port_info 0 /INPUT 8 "a_i"
    .port_info 1 /INPUT 8 "b_i"
    .port_info 2 /INPUT 3 "op_i"
    .port_info 3 /OUTPUT 8 "res_o"
v0x55e93cc38300_0 .net "a_i", 7 0, v0x55e93cc6fee0_0;  1 drivers
v0x55e93cc6fbe0_0 .net "b_i", 7 0, v0x55e93cc6ffc0_0;  1 drivers
v0x55e93cc6fcc0_0 .net "op_i", 2 0, v0x55e93cc70130_0;  1 drivers
v0x55e93cc6fd80_0 .var "res_o", 7 0;
E_0x55e93cc5d680 .event edge, v0x55e93cc6fcc0_0, v0x55e93cc38300_0, v0x55e93cc6fbe0_0;
    .scope S_0x55e93cc5c8a0;
T_0 ;
    %wait E_0x55e93cc5d680;
    %load/vec4 v0x55e93cc6fcc0_0;
    %cmpi/e 0, 0, 3;
    %jmp/0xz  T_0.0, 4;
    %load/vec4 v0x55e93cc38300_0;
    %load/vec4 v0x55e93cc6fbe0_0;
    %add;
    %store/vec4 v0x55e93cc6fd80_0, 0, 8;
    %jmp T_0.1;
T_0.0 ;
    %load/vec4 v0x55e93cc6fcc0_0;
    %cmpi/e 1, 0, 3;
    %jmp/0xz  T_0.2, 4;
    %load/vec4 v0x55e93cc38300_0;
    %load/vec4 v0x55e93cc6fbe0_0;
    %sub;
    %store/vec4 v0x55e93cc6fd80_0, 0, 8;
    %jmp T_0.3;
T_0.2 ;
    %load/vec4 v0x55e93cc6fcc0_0;
    %cmpi/e 2, 0, 3;
    %jmp/0xz  T_0.4, 4;
    %load/vec4 v0x55e93cc38300_0;
    %load/vec4 v0x55e93cc6fbe0_0;
    %and;
    %store/vec4 v0x55e93cc6fd80_0, 0, 8;
    %jmp T_0.5;
T_0.4 ;
    %load/vec4 v0x55e93cc6fcc0_0;
    %cmpi/e 3, 0, 3;
    %jmp/0xz  T_0.6, 4;
    %load/vec4 v0x55e93cc38300_0;
    %load/vec4 v0x55e93cc6fbe0_0;
    %or;
    %store/vec4 v0x55e93cc6fd80_0, 0, 8;
    %jmp T_0.7;
T_0.6 ;
    %load/vec4 v0x55e93cc6fcc0_0;
    %cmpi/e 4, 0, 3;
    %jmp/0xz  T_0.8, 4;
    %load/vec4 v0x55e93cc38300_0;
    %load/vec4 v0x55e93cc6fbe0_0;
    %xor;
    %store/vec4 v0x55e93cc6fd80_0, 0, 8;
    %jmp T_0.9;
T_0.8 ;
    %load/vec4 v0x55e93cc6fcc0_0;
    %cmpi/e 5, 0, 3;
    %jmp/0xz  T_0.10, 4;
    %load/vec4 v0x55e93cc38300_0;
    %ix/getv 4, v0x55e93cc6fbe0_0;
    %shiftl 4;
    %store/vec4 v0x55e93cc6fd80_0, 0, 8;
    %jmp T_0.11;
T_0.10 ;
    %load/vec4 v0x55e93cc6fcc0_0;
    %cmpi/e 6, 0, 3;
    %jmp/0xz  T_0.12, 4;
    %load/vec4 v0x55e93cc38300_0;
    %ix/getv 4, v0x55e93cc6fbe0_0;
    %shiftr 4;
    %store/vec4 v0x55e93cc6fd80_0, 0, 8;
    %jmp T_0.13;
T_0.12 ;
    %pushi/vec4 0, 0, 8;
    %store/vec4 v0x55e93cc6fd80_0, 0, 8;
T_0.13 ;
T_0.11 ;
T_0.9 ;
T_0.7 ;
T_0.5 ;
T_0.3 ;
T_0.1 ;
    %jmp T_0;
    .thread T_0, $push;
    .scope S_0x55e93cc5c720;
T_1 ;
    %pushi/vec4 10, 0, 8;
    %store/vec4 v0x55e93cc6fee0_0, 0, 8;
    %pushi/vec4 3, 0, 8;
    %store/vec4 v0x55e93cc6ffc0_0, 0, 8;
    %pushi/vec4 0, 0, 32;
    %store/vec4 v0x55e93cc70060_0, 0, 32;
T_1.0 ;
    %load/vec4 v0x55e93cc70060_0;
    %cmpi/s 7, 0, 32;
    %jmp/0xz T_1.1, 5;
    %load/vec4 v0x55e93cc70060_0;
    %pad/s 3;
    %store/vec4 v0x55e93cc70130_0, 0, 3;
    %delay 1000, 0;
    %vpi_call 2 15 "$display", "res_tb value is %d", v0x55e93cc70220_0 {0 0 0};
    %delay 1000, 0;
    %load/vec4 v0x55e93cc70060_0;
    %pushi/vec4 1, 0, 32;
    %add;
    %store/vec4 v0x55e93cc70060_0, 0, 32;
    %jmp T_1.0;
T_1.1 ;
    %end;
    .thread T_1;
    .scope S_0x55e93cc5c720;
T_2 ;
    %vpi_call 2 32 "$dumpfile", "alu.vcd" {0 0 0};
    %vpi_call 2 33 "$dumpvars", 32'sb00000000000000000000000000000000, S_0x55e93cc5c720 {0 0 0};
    %end;
    .thread T_2;
# The file index is used to find the file name in the following table.
:file_names 4;
    "N/A";
    "<interactive>";
    "alu_tb.v";
    "alu.v";
